<?xml version="1.0" encoding="UTF-8"?>
<testsuite xmlns:xsi="http://www.w3.org/2001/XMLSchema-instance" xsi:noNamespaceSchemaLocation="https://maven.apache.org/surefire/maven-surefire-plugin/xsd/surefire-test-report-3.0.xsd" version="3.0" name="com.behappy.expenseapp.ExpenseAppApplicationTests" time="24.125" tests="1" errors="0" skipped="0" failures="0">
  <properties>
[...]
</properties>
  <testcase name="contextLoads" classname="com.behappy.expenseapp.ExpenseAppApplicationTests" time="0.583">
    <system-out><![CDATA[20:43:37.110 [main] INFO org.springframework.test.context.support.AnnotationConfigContextLoaderUtils -- Could not detect default configuration classes for test class [com.behappy.expenseapp.ExpenseAppApplicationTests]: ExpenseAppApplicationTests does not declare any static, non-private, non-final, nested classes annotated with @Configuration.
20:43:37.255 [main] INFO org.springframework.boot.test.context.SpringBootTestContextBootstrapper -- Found @SpringBootConfiguration com.behappy.expenseapp.ExpenseAppApplication for test class com.behappy.expenseapp.ExpenseAppApplicationTests

  .   ____          _            __ _ _
 /\\ / ___'_ __ _ _(_)_ __  __ _ \ \ \ \
( ( )\___ | '_ | '_| | '_ \/ _` | \ \ \ \
 \\/  ___)| |_)| | | | | || (_| |  ) ) ) )
  '  |____| .__|_| |_|_| |_\__, | / / / /
 =========|_|==============|___/=/_/_/_/
 :: Spring Boot ::                (v3.1.0)

2023-07-30T20:43:37.771+01:00  INFO 81992 --- [           main] c.b.e.ExpenseAppApplicationTests         : Starting ExpenseAppApplicationTests using Java 17.0.2 with PID 81992 (started by yoga in D:\dev\sources\project\expenseProject\expenseApp)
2023-07-30T20:43:37.773+01:00  INFO 81992 --- [           main] c.b.e.ExpenseAppApplicationTests         : No active profile set, falling back to 1 default profile: "default"
2023-07-30T20:43:39.633+01:00  INFO 81992 --- [           main] .s.d.r.c.RepositoryConfigurationDelegate : Bootstrapping Spring Data JPA repositories in DEFAULT mode.
2023-07-30T20:43:39.735+01:00  INFO 81992 --- [           main] .s.d.r.c.RepositoryConfigurationDelegate : Finished Spring Data repository scanning in 93 ms. Found 8 JPA repository interfaces.
2023-07-30T20:43:40.417+01:00  INFO 81992 --- [           main] o.hibernate.jpa.internal.util.LogHelper  : HHH000204: Processing PersistenceUnitInfo [name: default]
2023-07-30T20:43:40.485+01:00  INFO 81992 --- [           main] org.hibernate.Version                    : HHH000412: Hibernate ORM core version 6.2.2.Final
2023-07-30T20:43:40.489+01:00  INFO 81992 --- [           main] org.hibernate.cfg.Environment            : HHH000406: Using bytecode reflection optimizer
2023-07-30T20:43:40.693+01:00  INFO 81992 --- [           main] o.h.b.i.BytecodeProviderInitiator        : HHH000021: Bytecode provider name : bytebuddy
2023-07-30T20:43:40.878+01:00  INFO 81992 --- [           main] o.s.o.j.p.SpringPersistenceUnitInfo      : No LoadTimeWeaver setup: ignoring JPA class transformer
2023-07-30T20:43:40.901+01:00  INFO 81992 --- [           main] com.zaxxer.hikari.HikariDataSource       : HikariPool-1 - Starting...
2023-07-30T20:43:41.876+01:00  INFO 81992 --- [           main] com.zaxxer.hikari.pool.HikariPool        : HikariPool-1 - Added connection com.mysql.cj.jdbc.ConnectionImpl@733fae8
2023-07-30T20:43:41.880+01:00  INFO 81992 --- [           main] com.zaxxer.hikari.HikariDataSource       : HikariPool-1 - Start completed.
2023-07-30T20:43:42.004+01:00  INFO 81992 --- [           main] org.hibernate.orm.dialect                : HHH035001: Using dialect: org.hibernate.dialect.MySQL57Dialect, version: 5.7
2023-07-30T20:43:42.006+01:00  WARN 81992 --- [           main] org.hibernate.orm.deprecation            : HHH90000026: MySQL57Dialect has been deprecated; use org.hibernate.dialect.MySQLDialect instead
2023-07-30T20:43:42.344+01:00  INFO 81992 --- [           main] o.h.b.i.BytecodeProviderInitiator        : HHH000021: Bytecode provider name : bytebuddy
2023-07-30T20:43:43.216+01:00  INFO 81992 --- [           main] o.h.e.t.j.p.i.JtaPlatformInitiator       : HHH000490: Using JtaPlatform implementation: [org.hibernate.engine.transaction.jta.platform.internal.NoJtaPlatform]
Hibernate: alter table bh_budget modify column amount  float(53) not null
Hibernate: alter table bh_ft modify column amount  float(53) not null
Hibernate: alter table bh_ft modify column status  enum ('CANCEL','FREEZE')
Hibernate: alter table bh_ft_tp modify column type_operation  enum ('CREDIT','DEBIT')
Hibernate: alter table bh_period modify column end_date  datetime(6)
Hibernate: alter table bh_period modify column start_date  datetime(6)
Hibernate: alter table bh_user modify column role  enum ('ADMIN','MANAGER','USER')
Hibernate: alter table token modify column token_type  enum ('BEARER')
2023-07-30T20:43:58.308+01:00  INFO 81992 --- [           main] j.LocalContainerEntityManagerFactoryBean : Initialized JPA EntityManagerFactory for persistence unit 'default'
2023-07-30T20:43:58.754+01:00  INFO 81992 --- [           main] o.s.d.j.r.query.QueryEnhancerFactory     : Hibernate is in classpath; If applicable, HQL parser will be used.
2023-07-30T20:43:59.549+01:00  WARN 81992 --- [           main] JpaBaseConfiguration$JpaWebConfiguration : spring.jpa.open-in-view is enabled by default. Therefore, database queries may be performed during view rendering. Explicitly configure spring.jpa.open-in-view to disable this warning
2023-07-30T20:43:59.917+01:00  INFO 81992 --- [           main] o.s.s.web.DefaultSecurityFilterChain     : Will secure any request with [org.springframework.security.web.session.DisableEncodeUrlFilter@10ba757f, org.springframework.security.web.context.request.async.WebAsyncManagerIntegrationFilter@711cd6f9, org.springframework.security.web.context.SecurityContextHolderFilter@7942987, org.springframework.security.web.header.HeaderWriterFilter@3f27a95b, org.springframework.security.web.authentication.logout.LogoutFilter@4bfaa7b, com.behappy.expenseapp.security.config.JwtAuthenticationFilter@523cc8b4, org.springframework.security.web.savedrequest.RequestCacheAwareFilter@5bf1e07, org.springframework.security.web.servletapi.SecurityContextHolderAwareRequestFilter@3ac60eeb, org.springframework.security.web.authentication.AnonymousAuthenticationFilter@1cb3de26, org.springframework.security.web.session.SessionManagementFilter@340d50c8, org.springframework.security.web.access.ExceptionTranslationFilter@44b860b1, org.springframework.security.web.access.intercept.AuthorizationFilter@43b45e77]
2023-07-30T20:44:00.420+01:00  INFO 81992 --- [           main] c.b.e.ExpenseAppApplicationTests         : Started ExpenseAppApplicationTests in 22.971 seconds (process running for 24.544)
]]></system-out>
  </testcase>
</testsuite>